<?xml version="1.0" encoding="UTF-8"?>
<!-- Generated by org.testng.reporters.JUnitReportReporter -->
<testsuite hostname="LTIN192431" failures="0" tests="2" name="testCase.TC_001_SearchingCardiologiests" time="29.518" errors="0" timestamp="2024-02-07T21:38:22 IST" skipped="0">
  <testcase classname="testCase.TC_001_SearchingCardiologiests" name="SearchingCardiologiests" time="9.157"/>
  <testcase classname="testCase.TC_001_SearchingCardiologiests" name="gettingCardiologiests" time="20.361"/>
</testsuite> <!-- testCase.TC_001_SearchingCardiologiests -->
