<?xml version="1.0" encoding="UTF-8"?>
<!-- Generated by org.testng.reporters.JUnitReportReporter -->
<testsuite hostname="LTIN192431" failures="0" tests="2" name="testCase.TC_004_CorporateHealthAndWellness_ValidDetails" time="51.561" errors="0" timestamp="2024-02-14T17:01:49 IST" skipped="0">
  <testcase classname="testCase.TC_004_CorporateHealthAndWellness_ValidDetails" name="checkingValidDetails" time="27.436"/>
  <testcase classname="testCase.TC_004_CorporateHealthAndWellness_ValidDetails" name="checkingValidDetails" time="24.125"/>
</testsuite> <!-- testCase.TC_004_CorporateHealthAndWellness_ValidDetails -->
