<?xml version="1.0" encoding="UTF-8"?>
<!-- Generated by org.testng.reporters.JUnitReportReporter -->
<testsuite hostname="LTIN192431" failures="0" tests="2" name="testCase.TC_003_CorporateHealthAndWellness_InvalidDetails" time="18.459" errors="0" timestamp="2024-02-14T17:01:49 IST" skipped="0">
  <testcase classname="testCase.TC_003_CorporateHealthAndWellness_InvalidDetails" name="checkingInvalidDetails" time="8.345"/>
  <testcase classname="testCase.TC_003_CorporateHealthAndWellness_InvalidDetails" name="checkingInvalidDetails" time="10.114"/>
</testsuite> <!-- testCase.TC_003_CorporateHealthAndWellness_InvalidDetails -->
