<?xml version="1.0" encoding="UTF-8"?>
<!-- Generated by org.testng.reporters.JUnitReportReporter -->
<testsuite hostname="LTIN192431" failures="0" tests="1" name="testCase.TC_004_CorporateHealthAndWellness_ValidDetails" time="22.824" errors="0" timestamp="2024-02-07T21:38:22 IST" skipped="0">
  <testcase classname="testCase.TC_004_CorporateHealthAndWellness_ValidDetails" name="checkingValidDetails" time="22.824"/>
</testsuite> <!-- testCase.TC_004_CorporateHealthAndWellness_ValidDetails -->
