<?xml version="1.0" encoding="UTF-8"?>
<!-- Generated by org.testng.reporters.JUnitReportReporter -->
<testsuite hostname="LTIN192431" failures="0" tests="14" name="testCase.TC_002_CaptureSurgeries" time="61.917" errors="0" timestamp="2024-02-14T17:01:49 IST" skipped="0">
  <testcase classname="testCase.TC_002_CaptureSurgeries" name="CapturePopularSurgeries" time="9.872"/>
  <testcase classname="testCase.TC_002_CaptureSurgeries" name="CapturePopularSurgeries" time="6.372"/>
  <testcase classname="testCase.TC_002_CaptureSurgeries" name="GeneralSurgeries" time="4.921"/>
  <testcase classname="testCase.TC_002_CaptureSurgeries" name="GeneralSurgeries" time="4.106"/>
  <testcase classname="testCase.TC_002_CaptureSurgeries" name="ProctologySurgeries" time="3.075"/>
  <testcase classname="testCase.TC_002_CaptureSurgeries" name="ProctologySurgeries" time="3.254"/>
  <testcase classname="testCase.TC_002_CaptureSurgeries" name="OphthamologySurgeries" time="3.396"/>
  <testcase classname="testCase.TC_002_CaptureSurgeries" name="OphthamologySurgeries" time="2.617"/>
  <testcase classname="testCase.TC_002_CaptureSurgeries" name="UrologySurgeries" time="4.285"/>
  <testcase classname="testCase.TC_002_CaptureSurgeries" name="UrologySurgeries" time="4.630"/>
  <testcase classname="testCase.TC_002_CaptureSurgeries" name="CosmeticSurgeries" time="4.952"/>
  <testcase classname="testCase.TC_002_CaptureSurgeries" name="CosmeticSurgeries" time="3.109"/>
  <testcase classname="testCase.TC_002_CaptureSurgeries" name="OrthopedicsSurgeries" time="3.591"/>
  <testcase classname="testCase.TC_002_CaptureSurgeries" name="OrthopedicsSurgeries" time="3.737"/>
</testsuite> <!-- testCase.TC_002_CaptureSurgeries -->
