<?xml version="1.0" encoding="UTF-8"?>
<!-- Generated by org.testng.reporters.JUnitReportReporter -->
<testsuite hostname="LTIN192431" failures="0" tests="4" name="testCase.TC_001_SearchingCardiologiests" time="63.981" errors="0" timestamp="2024-02-14T17:01:49 IST" skipped="0">
  <testcase classname="testCase.TC_001_SearchingCardiologiests" name="gettingCardiologiests" time="23.838"/>
  <testcase classname="testCase.TC_001_SearchingCardiologiests" name="gettingCardiologiests" time="24.285"/>
  <testcase classname="testCase.TC_001_SearchingCardiologiests" name="SearchingCardiologiests" time="8.141"/>
  <testcase classname="testCase.TC_001_SearchingCardiologiests" name="SearchingCardiologiests" time="7.717"/>
</testsuite> <!-- testCase.TC_001_SearchingCardiologiests -->
