<?xml version="1.0" encoding="UTF-8"?>
<!-- Generated by org.testng.reporters.JUnitReportReporter -->
<testsuite hostname="LTIN192431" failures="0" tests="7" name="testCase.TC_002_CaptureSurgeries" time="37.328" errors="0" timestamp="2024-02-07T21:38:22 IST" skipped="0">
  <testcase classname="testCase.TC_002_CaptureSurgeries" name="CapturePopularSurgeries" time="9.520"/>
  <testcase classname="testCase.TC_002_CaptureSurgeries" name="GeneralSurgeries" time="5.174"/>
  <testcase classname="testCase.TC_002_CaptureSurgeries" name="ProctologySurgeries" time="3.880"/>
  <testcase classname="testCase.TC_002_CaptureSurgeries" name="OphthamologySurgeries" time="4.254"/>
  <testcase classname="testCase.TC_002_CaptureSurgeries" name="UrologySurgeries" time="5.627"/>
  <testcase classname="testCase.TC_002_CaptureSurgeries" name="CosmeticSurgeries" time="3.781"/>
  <testcase classname="testCase.TC_002_CaptureSurgeries" name="OrthopedicsSurgeries" time="5.092"/>
</testsuite> <!-- testCase.TC_002_CaptureSurgeries -->
